[debug] [2025-04-07T16:17:40.300Z] ----------------------------------------------------------------------
[debug] [2025-04-07T16:17:40.302Z] Command:       C:\Program Files\nodejs\node.exe C:\Users\alewl\AppData\Roaming\npm\node_modules\firebase-tools\bin\firebase init functions
[debug] [2025-04-07T16:17:40.302Z] CLI Version:   3.18.4
[debug] [2025-04-07T16:17:40.302Z] Platform:      win32
[debug] [2025-04-07T16:17:40.302Z] Node Version:  v8.11.1
[debug] [2025-04-07T16:17:40.303Z] Time:          Mon Apr 07 2025 13:17:40 GMT-0300 (Hora oficial do Brasil)
[debug] [2025-04-07T16:17:40.303Z] ----------------------------------------------------------------------
[debug] 
[debug] [2025-04-07T16:17:40.329Z] > command requires scopes: ["email","openid","https://www.googleapis.com/auth/cloudplatformprojects.readonly","https://www.googleapis.com/auth/firebase"]
[debug] [2025-04-07T16:17:40.329Z] > authorizing via signed-in user
[info] 
     ######## #### ########  ######## ########     ###     ######  ########
     ##        ##  ##     ## ##       ##     ##  ##   ##  ##       ##
     ######    ##  ########  ######   ########  #########  ######  ######
     ##        ##  ##    ##  ##       ##     ## ##     ##       ## ##
     ##       #### ##     ## ######## ########  ##     ##  ######  ########

You're about to initialize a Firebase project in this directory:

  C:\Users\alewl\Desktop\Flooxai\7-Whatsapp-clone

[info] 
=== Project Setup
[info] 
[info] First, let's associate this project directory with a Firebase project.
[info] You can create multiple project aliases by running firebase use --add, 
[info] but for now we'll just set up a default project.
[info] 
[debug] [2025-04-07T16:17:43.900Z] > refreshing access token with scopes: ["email","https://www.googleapis.com/auth/cloudplatformprojects.readonly","https://www.googleapis.com/auth/firebase","openid"]
[debug] [2025-04-07T16:17:43.900Z] >>> HTTP REQUEST POST https://www.googleapis.com/oauth2/v3/token  
 { refresh_token: '1//0h0VQTE-Oa_V4CgYIARAAGBESNwF-L9IrsTuVhRGYIMiQummPQXSjD2U_nWHR3IcLkZZ7OrjR75iTFeazyx4ApPcmW8UHDNNRJcI',
  client_id: '563584335869-fgrhgmd47bqnekij5i8b5pr03ho849e6.apps.googleusercontent.com',
  client_secret: 'j9iVZfS8kkCEFUPaAeJV0sAi',
  grant_type: 'refresh_token',
  scope: 'email https://www.googleapis.com/auth/cloudplatformprojects.readonly https://www.googleapis.com/auth/firebase openid' } 
 Mon Apr 07 2025 13:17:43 GMT-0300 (Hora oficial do Brasil)
[debug] [2025-04-07T16:17:44.118Z] <<< HTTP RESPONSE 200
[debug] [2025-04-07T16:17:44.127Z] >>> HTTP REQUEST GET https://admin.firebase.com/v1/projects  
  
 Mon Apr 07 2025 13:17:44 GMT-0300 (Hora oficial do Brasil)
[debug] [2025-04-07T16:18:06.495Z] Error: connect ETIMEDOUT 104.197.85.31:443
    at Object._errnoException (util.js:1022:11)
    at _exceptionWithHostPort (util.js:1044:20)
    at TCPConnectWrap.afterConnect [as oncomplete] (net.js:1198:14)
[error] 
[error] Error: Server Error. connect ETIMEDOUT 104.197.85.31:443
[debug] [2025-04-07T16:18:30.778Z] ----------------------------------------------------------------------
[debug] [2025-04-07T16:18:30.779Z] Command:       C:\Program Files\nodejs\node.exe C:\Users\alewl\AppData\Roaming\npm\node_modules\firebase-tools\bin\firebase init
[debug] [2025-04-07T16:18:30.779Z] CLI Version:   3.18.4
[debug] [2025-04-07T16:18:30.779Z] Platform:      win32
[debug] [2025-04-07T16:18:30.779Z] Node Version:  v8.11.1
[debug] [2025-04-07T16:18:30.779Z] Time:          Mon Apr 07 2025 13:18:30 GMT-0300 (Hora oficial do Brasil)
[debug] [2025-04-07T16:18:30.779Z] ----------------------------------------------------------------------
[debug] 
[debug] [2025-04-07T16:18:30.784Z] > command requires scopes: ["email","openid","https://www.googleapis.com/auth/cloudplatformprojects.readonly","https://www.googleapis.com/auth/firebase"]
[debug] [2025-04-07T16:18:30.784Z] > authorizing via signed-in user
[info] 
     ######## #### ########  ######## ########     ###     ######  ########
     ##        ##  ##     ## ##       ##     ##  ##   ##  ##       ##
     ######    ##  ########  ######   ########  #########  ######  ######
     ##        ##  ##    ##  ##       ##     ## ##     ##       ## ##
     ##       #### ##     ## ######## ########  ##     ##  ######  ########

You're about to initialize a Firebase project in this directory:

  C:\Users\alewl\Desktop\Flooxai\7-Whatsapp-clone

